2021-03-09T15:52:24.055727Z 0 [Warning] TIMESTAMP with implicit DEFAULT value is deprecated. Please use --explicit_defaults_for_timestamp server option (see documentation for more details).
2021-03-09T15:52:24.065192Z 0 [Warning] Setting lower_case_table_names=2 because file system for /var/lib/mysql/ is case insensitive
2021-03-09T15:52:25.706970Z 0 [Warning] InnoDB: New log files created, LSN=45790
2021-03-09T15:52:25.961326Z 0 [Warning] InnoDB: Creating foreign key constraint system tables.
2021-03-09T15:52:25.977473Z 0 [Warning] No existing UUID has been found, so we assume that this is the first time that this server has been started. Generating a new UUID: 71cda7c8-80ef-11eb-a03b-0242ac160002.
2021-03-09T15:52:25.983173Z 0 [Warning] Gtid table is not ready to be used. Table 'mysql.gtid_executed' cannot be opened.
2021-03-09T15:52:26.417125Z 0 [Warning] CA certificate ca.pem is self signed.
2021-03-09T15:52:26.861622Z 1 [Warning] root@localhost is created with an empty password ! Please consider switching off the --initialize-insecure option.
2021-03-09T15:52:35.145071Z 0 [Warning] TIMESTAMP with implicit DEFAULT value is deprecated. Please use --explicit_defaults_for_timestamp server option (see documentation for more details).
2021-03-09T15:52:35.159450Z 0 [Note] mysqld (mysqld 5.7.33) starting as process 79 ...
2021-03-09T15:52:35.169481Z 0 [Warning] Setting lower_case_table_names=2 because file system for /var/lib/mysql/ is case insensitive
2021-03-09T15:52:35.174602Z 0 [Note] InnoDB: PUNCH HOLE support available
2021-03-09T15:52:35.175548Z 0 [Note] InnoDB: Mutexes and rw_locks use GCC atomic builtins
2021-03-09T15:52:35.176692Z 0 [Note] InnoDB: Uses event mutexes
2021-03-09T15:52:35.177331Z 0 [Note] InnoDB: GCC builtin __atomic_thread_fence() is used for memory barrier
2021-03-09T15:52:35.178225Z 0 [Note] InnoDB: Compressed tables use zlib 1.2.11
2021-03-09T15:52:35.179124Z 0 [Note] InnoDB: Using Linux native AIO
2021-03-09T15:52:35.180169Z 0 [Note] InnoDB: Number of pools: 1
2021-03-09T15:52:35.181065Z 0 [Note] InnoDB: Using CPU crc32 instructions
2021-03-09T15:52:35.183060Z 0 [Note] InnoDB: Initializing buffer pool, total size = 128M, instances = 1, chunk size = 128M
2021-03-09T15:52:35.189764Z 0 [Note] InnoDB: Completed initialization of buffer pool
2021-03-09T15:52:35.193746Z 0 [Note] InnoDB: If the mysqld execution user is authorized, page cleaner thread priority can be changed. See the man page of setpriority().
2021-03-09T15:52:35.247470Z 0 [Note] InnoDB: Highest supported file format is Barracuda.
2021-03-09T15:52:35.334323Z 0 [Note] InnoDB: Creating shared tablespace for temporary tables
2021-03-09T15:52:35.338246Z 0 [Note] InnoDB: Setting file './ibtmp1' size to 12 MB. Physically writing the file full; Please wait ...
2021-03-09T15:52:35.434791Z 0 [Note] InnoDB: File './ibtmp1' size is now 12 MB.
2021-03-09T15:52:35.439768Z 0 [Note] InnoDB: 96 redo rollback segment(s) found. 96 redo rollback segment(s) are active.
2021-03-09T15:52:35.440508Z 0 [Note] InnoDB: 32 non-redo rollback segment(s) are active.
2021-03-09T15:52:35.442023Z 0 [Note] InnoDB: Waiting for purge to start
2021-03-09T15:52:35.493024Z 0 [Note] InnoDB: 5.7.33 started; log sequence number 2748130
2021-03-09T15:52:35.494531Z 0 [Note] InnoDB: Loading buffer pool(s) from /var/lib/mysql/ib_buffer_pool
2021-03-09T15:52:35.494686Z 0 [Note] Plugin 'FEDERATED' is disabled.
2021-03-09T15:52:35.553843Z 0 [Note] InnoDB: Buffer pool(s) load completed at 210310  0:52:35
2021-03-09T15:52:35.554160Z 0 [Note] Found ca.pem, server-cert.pem and server-key.pem in data directory. Trying to enable SSL support using them.
2021-03-09T15:52:35.555367Z 0 [Note] Skipping generation of SSL certificates as certificate files are present in data directory.
2021-03-09T15:52:35.562256Z 0 [Warning] CA certificate ca.pem is self signed.
2021-03-09T15:52:35.563074Z 0 [Note] Skipping generation of RSA key pair as key files are present in data directory.
2021-03-09T15:52:35.609854Z 0 [Warning] Insecure configuration for --pid-file: Location '/var/run/mysqld' in the path is accessible to all OS users. Consider choosing a different directory.
2021-03-09T15:52:36.005964Z 0 [Note] Event Scheduler: Loaded 0 events
2021-03-09T15:52:36.006967Z 0 [Note] mysqld: ready for connections.
Version: '5.7.33'  socket: '/var/run/mysqld/mysqld.sock'  port: 0  MySQL Community Server (GPL)
2021-03-09T15:52:39.261988Z 0 [Note] Giving 0 client threads a chance to die gracefully
2021-03-09T15:52:39.262566Z 0 [Note] Shutting down slave threads
2021-03-09T15:52:39.263138Z 0 [Note] Forcefully disconnecting 0 remaining clients
2021-03-09T15:52:39.263714Z 0 [Note] Event Scheduler: Purging the queue. 0 events
2021-03-09T15:52:39.264437Z 0 [Note] Binlog end
2021-03-09T15:52:39.268059Z 0 [Note] Shutting down plugin 'ngram'
2021-03-09T15:52:39.268559Z 0 [Note] Shutting down plugin 'partition'
2021-03-09T15:52:39.269260Z 0 [Note] Shutting down plugin 'BLACKHOLE'
2021-03-09T15:52:39.270036Z 0 [Note] Shutting down plugin 'ARCHIVE'
2021-03-09T15:52:39.270465Z 0 [Note] Shutting down plugin 'PERFORMANCE_SCHEMA'
2021-03-09T15:52:39.271028Z 0 [Note] Shutting down plugin 'MRG_MYISAM'
2021-03-09T15:52:39.271633Z 0 [Note] Shutting down plugin 'MyISAM'
2021-03-09T15:52:39.272099Z 0 [Note] Shutting down plugin 'INNODB_SYS_VIRTUAL'
2021-03-09T15:52:39.272563Z 0 [Note] Shutting down plugin 'INNODB_SYS_DATAFILES'
2021-03-09T15:52:39.273255Z 0 [Note] Shutting down plugin 'INNODB_SYS_TABLESPACES'
2021-03-09T15:52:39.273785Z 0 [Note] Shutting down plugin 'INNODB_SYS_FOREIGN_COLS'
2021-03-09T15:52:39.274335Z 0 [Note] Shutting down plugin 'INNODB_SYS_FOREIGN'
2021-03-09T15:52:39.275033Z 0 [Note] Shutting down plugin 'INNODB_SYS_FIELDS'
2021-03-09T15:52:39.275518Z 0 [Note] Shutting down plugin 'INNODB_SYS_COLUMNS'
2021-03-09T15:52:39.276252Z 0 [Note] Shutting down plugin 'INNODB_SYS_INDEXES'
2021-03-09T15:52:39.276872Z 0 [Note] Shutting down plugin 'INNODB_SYS_TABLESTATS'
2021-03-09T15:52:39.277295Z 0 [Note] Shutting down plugin 'INNODB_SYS_TABLES'
2021-03-09T15:52:39.277819Z 0 [Note] Shutting down plugin 'INNODB_FT_INDEX_TABLE'
2021-03-09T15:52:39.278436Z 0 [Note] Shutting down plugin 'INNODB_FT_INDEX_CACHE'
2021-03-09T15:52:39.279111Z 0 [Note] Shutting down plugin 'INNODB_FT_CONFIG'
2021-03-09T15:52:39.279697Z 0 [Note] Shutting down plugin 'INNODB_FT_BEING_DELETED'
2021-03-09T15:52:39.280458Z 0 [Note] Shutting down plugin 'INNODB_FT_DELETED'
2021-03-09T15:52:39.281051Z 0 [Note] Shutting down plugin 'INNODB_FT_DEFAULT_STOPWORD'
2021-03-09T15:52:39.281629Z 0 [Note] Shutting down plugin 'INNODB_METRICS'
2021-03-09T15:52:39.282223Z 0 [Note] Shutting down plugin 'INNODB_TEMP_TABLE_INFO'
2021-03-09T15:52:39.282953Z 0 [Note] Shutting down plugin 'INNODB_BUFFER_POOL_STATS'
2021-03-09T15:52:39.283526Z 0 [Note] Shutting down plugin 'INNODB_BUFFER_PAGE_LRU'
2021-03-09T15:52:39.284081Z 0 [Note] Shutting down plugin 'INNODB_BUFFER_PAGE'
2021-03-09T15:52:39.284628Z 0 [Note] Shutting down plugin 'INNODB_CMP_PER_INDEX_RESET'
2021-03-09T15:52:39.285428Z 0 [Note] Shutting down plugin 'INNODB_CMP_PER_INDEX'
2021-03-09T15:52:39.286241Z 0 [Note] Shutting down plugin 'INNODB_CMPMEM_RESET'
2021-03-09T15:52:39.286991Z 0 [Note] Shutting down plugin 'INNODB_CMPMEM'
2021-03-09T15:52:39.287699Z 0 [Note] Shutting down plugin 'INNODB_CMP_RESET'
2021-03-09T15:52:39.288509Z 0 [Note] Shutting down plugin 'INNODB_CMP'
2021-03-09T15:52:39.289193Z 0 [Note] Shutting down plugin 'INNODB_LOCK_WAITS'
2021-03-09T15:52:39.289739Z 0 [Note] Shutting down plugin 'INNODB_LOCKS'
2021-03-09T15:52:39.290512Z 0 [Note] Shutting down plugin 'INNODB_TRX'
2021-03-09T15:52:39.291188Z 0 [Note] Shutting down plugin 'InnoDB'
2021-03-09T15:52:39.291806Z 0 [Note] InnoDB: FTS optimize thread exiting.
2021-03-09T15:52:39.292733Z 0 [Note] InnoDB: Starting shutdown...
2021-03-09T15:52:39.394569Z 0 [Note] InnoDB: Dumping buffer pool(s) to /var/lib/mysql/ib_buffer_pool
2021-03-09T15:52:39.400966Z 0 [Note] InnoDB: Buffer pool(s) dump completed at 210310  0:52:39
2021-03-09T15:52:41.412197Z 0 [Note] InnoDB: Shutdown completed; log sequence number 12665578
2021-03-09T15:52:41.424765Z 0 [Note] InnoDB: Removed temporary tablespace data file: "ibtmp1"
2021-03-09T15:52:41.429941Z 0 [Note] Shutting down plugin 'MEMORY'
2021-03-09T15:52:41.436511Z 0 [Note] Shutting down plugin 'CSV'
2021-03-09T15:52:41.437645Z 0 [Note] Shutting down plugin 'sha256_password'
2021-03-09T15:52:41.438761Z 0 [Note] Shutting down plugin 'mysql_native_password'
2021-03-09T15:52:41.439660Z 0 [Note] Shutting down plugin 'binlog'
2021-03-09T15:52:41.442736Z 0 [Note] mysqld: Shutdown complete

2021-03-09T15:52:42.439751Z 0 [Warning] TIMESTAMP with implicit DEFAULT value is deprecated. Please use --explicit_defaults_for_timestamp server option (see documentation for more details).
2021-03-09T15:52:42.447184Z 0 [Note] mysqld (mysqld 5.7.33) starting as process 1 ...
2021-03-09T15:52:42.454443Z 0 [Warning] Setting lower_case_table_names=2 because file system for /var/lib/mysql/ is case insensitive
2021-03-09T15:52:42.458810Z 0 [Note] InnoDB: PUNCH HOLE support available
2021-03-09T15:52:42.459397Z 0 [Note] InnoDB: Mutexes and rw_locks use GCC atomic builtins
2021-03-09T15:52:42.460059Z 0 [Note] InnoDB: Uses event mutexes
2021-03-09T15:52:42.460568Z 0 [Note] InnoDB: GCC builtin __atomic_thread_fence() is used for memory barrier
2021-03-09T15:52:42.461177Z 0 [Note] InnoDB: Compressed tables use zlib 1.2.11
2021-03-09T15:52:42.461715Z 0 [Note] InnoDB: Using Linux native AIO
2021-03-09T15:52:42.462524Z 0 [Note] InnoDB: Number of pools: 1
2021-03-09T15:52:42.463298Z 0 [Note] InnoDB: Using CPU crc32 instructions
2021-03-09T15:52:42.465026Z 0 [Note] InnoDB: Initializing buffer pool, total size = 128M, instances = 1, chunk size = 128M
2021-03-09T15:52:42.470544Z 0 [Note] InnoDB: Completed initialization of buffer pool
2021-03-09T15:52:42.473038Z 0 [Note] InnoDB: If the mysqld execution user is authorized, page cleaner thread priority can be changed. See the man page of setpriority().
2021-03-09T15:52:42.525006Z 0 [Note] InnoDB: Highest supported file format is Barracuda.
2021-03-09T15:52:42.614818Z 0 [Note] InnoDB: Creating shared tablespace for temporary tables
2021-03-09T15:52:42.618217Z 0 [Note] InnoDB: Setting file './ibtmp1' size to 12 MB. Physically writing the file full; Please wait ...
2021-03-09T15:52:42.724845Z 0 [Note] InnoDB: File './ibtmp1' size is now 12 MB.
2021-03-09T15:52:42.730199Z 0 [Note] InnoDB: 96 redo rollback segment(s) found. 96 redo rollback segment(s) are active.
2021-03-09T15:52:42.730961Z 0 [Note] InnoDB: 32 non-redo rollback segment(s) are active.
2021-03-09T15:52:42.732047Z 0 [Note] InnoDB: Waiting for purge to start
2021-03-09T15:52:42.783169Z 0 [Note] InnoDB: 5.7.33 started; log sequence number 12665578
2021-03-09T15:52:42.784489Z 0 [Note] InnoDB: Loading buffer pool(s) from /var/lib/mysql/ib_buffer_pool
2021-03-09T15:52:42.784735Z 0 [Note] Plugin 'FEDERATED' is disabled.
2021-03-09T15:52:42.821250Z 0 [Note] Found ca.pem, server-cert.pem and server-key.pem in data directory. Trying to enable SSL support using them.
2021-03-09T15:52:42.822194Z 0 [Note] Skipping generation of SSL certificates as certificate files are present in data directory.
2021-03-09T15:52:42.827038Z 0 [Warning] CA certificate ca.pem is self signed.
2021-03-09T15:52:42.827755Z 0 [Note] Skipping generation of RSA key pair as key files are present in data directory.
2021-03-09T15:52:42.830487Z 0 [Note] Server hostname (bind-address): '*'; port: 3306
2021-03-09T15:52:42.831331Z 0 [Note] IPv6 is available.
2021-03-09T15:52:42.832017Z 0 [Note]   - '::' resolves to '::';
2021-03-09T15:52:42.833275Z 0 [Note] Server socket created on IP: '::'.
2021-03-09T15:52:42.837333Z 0 [Warning] Insecure configuration for --pid-file: Location '/var/run/mysqld' in the path is accessible to all OS users. Consider choosing a different directory.
2021-03-09T15:52:42.863430Z 0 [Note] InnoDB: Buffer pool(s) load completed at 210310  0:52:42
2021-03-09T15:52:43.034607Z 0 [Note] Event Scheduler: Loaded 0 events
2021-03-09T15:52:43.035485Z 0 [Note] mysqld: ready for connections.
Version: '5.7.33'  socket: '/var/run/mysqld/mysqld.sock'  port: 3306  MySQL Community Server (GPL)
2021-03-11T14:48:57.931251Z 0 [Note] InnoDB: page_cleaner: 1000ms intended loop took 18054ms. The settings might not be optimal. (flushed=0 and evicted=0, during the time.)
2021-03-11T14:50:36.241070Z 0 [Note] InnoDB: page_cleaner: 1000ms intended loop took 17718ms. The settings might not be optimal. (flushed=0 and evicted=0, during the time.)
2021-03-11T14:52:19.277501Z 0 [Note] InnoDB: page_cleaner: 1000ms intended loop took 17869ms. The settings might not be optimal. (flushed=0 and evicted=0, during the time.)
2021-03-11T14:52:46.371909Z 0 [Note] InnoDB: page_cleaner: 1000ms intended loop took 18080ms. The settings might not be optimal. (flushed=0 and evicted=0, during the time.)
2021-03-11T14:53:17.443282Z 0 [Note] InnoDB: page_cleaner: 1000ms intended loop took 18001ms. The settings might not be optimal. (flushed=0 and evicted=0, during the time.)
2021-03-11T14:54:20.817142Z 0 [Note] InnoDB: page_cleaner: 1000ms intended loop took 17762ms. The settings might not be optimal. (flushed=0 and evicted=0, during the time.)
2021-03-11T14:58:29.303602Z 0 [Note] InnoDB: page_cleaner: 1000ms intended loop took 17801ms. The settings might not be optimal. (flushed=0 and evicted=0, during the time.)
2021-03-11T14:58:55.963242Z 0 [Note] InnoDB: page_cleaner: 1000ms intended loop took 17635ms. The settings might not be optimal. (flushed=0 and evicted=0, during the time.)
2021-03-11T15:00:48.295615Z 0 [Note] InnoDB: page_cleaner: 1000ms intended loop took 17512ms. The settings might not be optimal. (flushed=0 and evicted=0, during the time.)
2021-03-11T15:18:34.241556Z 0 [Note] InnoDB: page_cleaner: 1000ms intended loop took 17815ms. The settings might not be optimal. (flushed=0 and evicted=0, during the time.)
2021-03-11T15:52:00.186632Z 0 [Note] InnoDB: page_cleaner: 1000ms intended loop took 17515ms. The settings might not be optimal. (flushed=0 and evicted=0, during the time.)
2021-03-11T15:57:52.731227Z 0 [Note] InnoDB: page_cleaner: 1000ms intended loop took 17291ms. The settings might not be optimal. (flushed=0 and evicted=0, during the time.)
2021-03-11T16:09:28.971592Z 0 [Note] InnoDB: page_cleaner: 1000ms intended loop took 17502ms. The settings might not be optimal. (flushed=0 and evicted=0, during the time.)
2021-03-11T16:30:23.264401Z 0 [Note] InnoDB: page_cleaner: 1000ms intended loop took 17905ms. The settings might not be optimal. (flushed=0 and evicted=0, during the time.)
2021-03-11T16:48:16.471351Z 0 [Note] InnoDB: page_cleaner: 1000ms intended loop took 17532ms. The settings might not be optimal. (flushed=0 and evicted=0, during the time.)
2021-03-11T17:05:41.011549Z 0 [Note] InnoDB: page_cleaner: 1000ms intended loop took 18011ms. The settings might not be optimal. (flushed=0 and evicted=0, during the time.)
2021-03-11T17:23:33.463669Z 0 [Note] InnoDB: page_cleaner: 1000ms intended loop took 17513ms. The settings might not be optimal. (flushed=0 and evicted=0, during the time.)
2021-03-11T17:44:19.770522Z 0 [Note] InnoDB: page_cleaner: 1000ms intended loop took 17932ms. The settings might not be optimal. (flushed=0 and evicted=0, during the time.)
2021-03-11T17:54:03.832874Z 0 [Note] InnoDB: page_cleaner: 1000ms intended loop took 18036ms. The settings might not be optimal. (flushed=0 and evicted=0, during the time.)
2021-03-11T17:59:53.518074Z 0 [Note] InnoDB: page_cleaner: 1000ms intended loop took 17651ms. The settings might not be optimal. (flushed=0 and evicted=0, during the time.)
2021-03-11T18:05:37.487145Z 0 [Note] InnoDB: page_cleaner: 1000ms intended loop took 17560ms. The settings might not be optimal. (flushed=0 and evicted=0, during the time.)
2021-03-11T20:06:26.667203Z 0 [Note] InnoDB: page_cleaner: 1000ms intended loop took 18024ms. The settings might not be optimal. (flushed=0 and evicted=0, during the time.)
2021-03-11T22:02:03.477540Z 0 [Note] InnoDB: page_cleaner: 1000ms intended loop took 18084ms. The settings might not be optimal. (flushed=0 and evicted=0, during the time.)
2021-03-11T23:22:39.636711Z 0 [Note] InnoDB: page_cleaner: 1000ms intended loop took 17906ms. The settings might not be optimal. (flushed=0 and evicted=0, during the time.)
2021-03-11T23:30:36.264644Z 0 [Note] InnoDB: page_cleaner: 1000ms intended loop took 17596ms. The settings might not be optimal. (flushed=0 and evicted=0, during the time.)
2021-03-11T23:31:59.144703Z 0 [Note] InnoDB: page_cleaner: 1000ms intended loop took 17567ms. The settings might not be optimal. (flushed=0 and evicted=0, during the time.)
2021-03-12T00:51:00.056592Z 0 [Note] InnoDB: page_cleaner: 1000ms intended loop took 18045ms. The settings might not be optimal. (flushed=0 and evicted=0, during the time.)
2021-03-12T01:50:32.034395Z 0 [Note] InnoDB: page_cleaner: 1000ms intended loop took 17507ms. The settings might not be optimal. (flushed=0 and evicted=0, during the time.)
2021-03-12T02:11:49.439017Z 0 [Note] InnoDB: page_cleaner: 1000ms intended loop took 17336ms. The settings might not be optimal. (flushed=0 and evicted=0, during the time.)
2021-03-12T02:44:40.081493Z 0 [Note] InnoDB: page_cleaner: 1000ms intended loop took 18180ms. The settings might not be optimal. (flushed=0 and evicted=0, during the time.)
2021-03-12T03:45:30.178365Z 0 [Note] InnoDB: page_cleaner: 1000ms intended loop took 17648ms. The settings might not be optimal. (flushed=0 and evicted=0, during the time.)
2021-03-12T11:43:01.606984Z 0 [Note] InnoDB: page_cleaner: 1000ms intended loop took 18148ms. The settings might not be optimal. (flushed=0 and evicted=0, during the time.)
2021-03-12T11:57:23.691326Z 0 [Note] InnoDB: page_cleaner: 1000ms intended loop took 17390ms. The settings might not be optimal. (flushed=0 and evicted=0, during the time.)
2021-03-12T12:12:25.716858Z 0 [Note] InnoDB: page_cleaner: 1000ms intended loop took 17436ms. The settings might not be optimal. (flushed=0 and evicted=0, during the time.)
2021-03-12T12:27:27.676340Z 0 [Note] InnoDB: page_cleaner: 1000ms intended loop took 17390ms. The settings might not be optimal. (flushed=0 and evicted=0, during the time.)
2021-03-12T12:42:29.744689Z 0 [Note] InnoDB: page_cleaner: 1000ms intended loop took 17450ms. The settings might not be optimal. (flushed=0 and evicted=0, during the time.)
2021-03-12T12:42:57.161708Z 0 [Note] InnoDB: page_cleaner: 1000ms intended loop took 17386ms. The settings might not be optimal. (flushed=0 and evicted=0, during the time.)
2021-03-12T13:00:05.716055Z 0 [Note] InnoDB: page_cleaner: 1000ms intended loop took 18122ms. The settings might not be optimal. (flushed=0 and evicted=0, during the time.)
2021-03-12T14:46:02.009572Z 0 [Note] InnoDB: page_cleaner: 1000ms intended loop took 17966ms. The settings might not be optimal. (flushed=0 and evicted=0, during the time.)
2021-03-13T01:07:03.396969Z 0 [Note] InnoDB: page_cleaner: 1000ms intended loop took 18047ms. The settings might not be optimal. (flushed=0 and evicted=0, during the time.)
2021-03-13T01:49:33.786501Z 0 [Note] InnoDB: page_cleaner: 1000ms intended loop took 17480ms. The settings might not be optimal. (flushed=0 and evicted=0, during the time.)
2021-03-13T01:51:03.760534Z 0 [Note] InnoDB: page_cleaner: 1000ms intended loop took 17766ms. The settings might not be optimal. (flushed=0 and evicted=0, during the time.)
2021-03-13T02:05:57.719446Z 0 [Note] InnoDB: page_cleaner: 1000ms intended loop took 17357ms. The settings might not be optimal. (flushed=0 and evicted=0, during the time.)
2021-03-13T02:20:59.788870Z 0 [Note] InnoDB: page_cleaner: 1000ms intended loop took 17451ms. The settings might not be optimal. (flushed=0 and evicted=0, during the time.)
2021-03-13T02:36:01.768300Z 0 [Note] InnoDB: page_cleaner: 1000ms intended loop took 17441ms. The settings might not be optimal. (flushed=0 and evicted=0, during the time.)
2021-03-13T02:36:29.147644Z 0 [Note] InnoDB: page_cleaner: 1000ms intended loop took 17345ms. The settings might not be optimal. (flushed=0 and evicted=0, during the time.)
2021-03-13T03:06:05.764126Z 0 [Note] InnoDB: page_cleaner: 1000ms intended loop took 17414ms. The settings might not be optimal. (flushed=0 and evicted=0, during the time.)
2021-03-13T03:21:07.785535Z 0 [Note] InnoDB: page_cleaner: 1000ms intended loop took 17448ms. The settings might not be optimal. (flushed=0 and evicted=0, during the time.)
2021-03-13T03:36:09.762556Z 0 [Note] InnoDB: page_cleaner: 1000ms intended loop took 17425ms. The settings might not be optimal. (flushed=0 and evicted=0, during the time.)
2021-03-13T03:51:11.932927Z 0 [Note] InnoDB: page_cleaner: 1000ms intended loop took 17590ms. The settings might not be optimal. (flushed=0 and evicted=0, during the time.)
2021-03-13T06:51:12.908700Z 0 [Note] InnoDB: page_cleaner: 1000ms intended loop took 17585ms. The settings might not be optimal. (flushed=0 and evicted=0, during the time.)
2021-03-13T06:51:40.461557Z 0 [Note] InnoDB: page_cleaner: 1000ms intended loop took 17540ms. The settings might not be optimal. (flushed=0 and evicted=0, during the time.)
2021-03-13T10:44:53.010966Z 0 [Note] InnoDB: page_cleaner: 1000ms intended loop took 18179ms. The settings might not be optimal. (flushed=0 and evicted=0, during the time.)
2021-03-13T11:55:54.488998Z 0 [Note] InnoDB: page_cleaner: 1000ms intended loop took 17560ms. The settings might not be optimal. (flushed=0 and evicted=0, during the time.)
2021-03-13T11:57:04.374169Z 0 [Note] InnoDB: page_cleaner: 1000ms intended loop took 17505ms. The settings might not be optimal. (flushed=0 and evicted=0, during the time.)
2021-03-13T12:15:45.123537Z 0 [Note] InnoDB: page_cleaner: 1000ms intended loop took 17366ms. The settings might not be optimal. (flushed=0 and evicted=0, during the time.)
2021-03-13T12:34:16.274303Z 0 [Note] InnoDB: page_cleaner: 1000ms intended loop took 17501ms. The settings might not be optimal. (flushed=0 and evicted=0, during the time.)
2021-03-13T12:52:39.412808Z 0 [Note] InnoDB: page_cleaner: 1000ms intended loop took 18116ms. The settings might not be optimal. (flushed=0 and evicted=0, during the time.)
2021-03-13T13:10:55.689685Z 0 [Note] InnoDB: page_cleaner: 1000ms intended loop took 17365ms. The settings might not be optimal. (flushed=0 and evicted=0, during the time.)
2021-03-13T13:27:55.003196Z 0 [Note] InnoDB: page_cleaner: 1000ms intended loop took 17793ms. The settings might not be optimal. (flushed=0 and evicted=0, during the time.)
2021-03-13T13:45:07.972836Z 0 [Note] InnoDB: page_cleaner: 1000ms intended loop took 17802ms. The settings might not be optimal. (flushed=0 and evicted=0, during the time.)
2021-03-13T14:55:58.522554Z 0 [Note] InnoDB: page_cleaner: 1000ms intended loop took 18077ms. The settings might not be optimal. (flushed=0 and evicted=0, during the time.)
2021-03-13T15:02:20.617968Z 0 [Note] InnoDB: page_cleaner: 1000ms intended loop took 17475ms. The settings might not be optimal. (flushed=0 and evicted=0, during the time.)
2021-03-13T15:03:27.858996Z 0 [Note] InnoDB: page_cleaner: 1000ms intended loop took 17490ms. The settings might not be optimal. (flushed=0 and evicted=0, during the time.)
2021-03-13T16:02:43.971908Z 0 [Note] InnoDB: page_cleaner: 1000ms intended loop took 17903ms. The settings might not be optimal. (flushed=0 and evicted=0, during the time.)
2021-03-13T16:03:49.714982Z 0 [Note] InnoDB: page_cleaner: 1000ms intended loop took 17566ms. The settings might not be optimal. (flushed=0 and evicted=0, during the time.)
2021-03-13T16:19:30.413488Z 0 [Note] InnoDB: page_cleaner: 1000ms intended loop took 18041ms. The settings might not be optimal. (flushed=0 and evicted=0, during the time.)
2021-03-13T16:20:14.189214Z 0 [Note] InnoDB: page_cleaner: 1000ms intended loop took 17445ms. The settings might not be optimal. (flushed=0 and evicted=0, during the time.)
2021-03-13T16:54:24.066203Z 0 [Note] InnoDB: page_cleaner: 1000ms intended loop took 17238ms. The settings might not be optimal. (flushed=0 and evicted=0, during the time.)
2021-03-13T16:55:54.197975Z 0 [Note] InnoDB: page_cleaner: 1000ms intended loop took 17348ms. The settings might not be optimal. (flushed=0 and evicted=0, during the time.)
2021-03-13T17:27:10.027978Z 0 [Note] InnoDB: page_cleaner: 1000ms intended loop took 17571ms. The settings might not be optimal. (flushed=0 and evicted=0, during the time.)
2021-03-13T17:43:45.246827Z 0 [Note] InnoDB: page_cleaner: 1000ms intended loop took 18115ms. The settings might not be optimal. (flushed=0 and evicted=0, during the time.)
2021-03-13T18:02:11.099594Z 0 [Note] InnoDB: page_cleaner: 1000ms intended loop took 17824ms. The settings might not be optimal. (flushed=0 and evicted=0, during the time.)
2021-03-13T18:18:28.186058Z 0 [Note] InnoDB: page_cleaner: 1000ms intended loop took 18054ms. The settings might not be optimal. (flushed=0 and evicted=0, during the time.)
2021-03-13T18:35:18.088004Z 0 [Note] InnoDB: page_cleaner: 1000ms intended loop took 17951ms. The settings might not be optimal. (flushed=0 and evicted=0, during the time.)
2021-03-13T19:22:31.547388Z 0 [Note] InnoDB: page_cleaner: 1000ms intended loop took 17576ms. The settings might not be optimal. (flushed=0 and evicted=0, during the time.)
2021-03-13T20:50:38.332203Z 0 [Note] InnoDB: page_cleaner: 1000ms intended loop took 17594ms. The settings might not be optimal. (flushed=0 and evicted=0, during the time.)
2021-03-13T22:22:03.769961Z 0 [Note] InnoDB: page_cleaner: 1000ms intended loop took 18064ms. The settings might not be optimal. (flushed=0 and evicted=0, during the time.)
2021-03-13T23:25:43.643531Z 0 [Note] InnoDB: page_cleaner: 1000ms intended loop took 17752ms. The settings might not be optimal. (flushed=0 and evicted=0, during the time.)
2021-03-14T00:43:48.449488Z 0 [Note] InnoDB: page_cleaner: 1000ms intended loop took 17646ms. The settings might not be optimal. (flushed=0 and evicted=0, during the time.)
2021-03-14T01:12:22.366122Z 0 [Note] InnoDB: page_cleaner: 1000ms intended loop took 17536ms. The settings might not be optimal. (flushed=0 and evicted=0, during the time.)
2021-03-14T02:50:53.903049Z 0 [Note] InnoDB: page_cleaner: 1000ms intended loop took 17886ms. The settings might not be optimal. (flushed=0 and evicted=0, during the time.)
2021-03-14T03:35:01.570749Z 0 [Note] InnoDB: page_cleaner: 1000ms intended loop took 17545ms. The settings might not be optimal. (flushed=0 and evicted=0, during the time.)
2021-03-14T03:36:57.304693Z 0 [Note] InnoDB: page_cleaner: 1000ms intended loop took 18213ms. The settings might not be optimal. (flushed=0 and evicted=0, during the time.)
2021-03-14T05:31:59.776610Z 0 [Note] InnoDB: page_cleaner: 1000ms intended loop took 17893ms. The settings might not be optimal. (flushed=0 and evicted=0, during the time.)
2021-03-14T07:38:13.354349Z 0 [Note] InnoDB: page_cleaner: 1000ms intended loop took 17427ms. The settings might not be optimal. (flushed=0 and evicted=0, during the time.)
2021-03-14T09:55:36.216511Z 0 [Note] InnoDB: page_cleaner: 1000ms intended loop took 17466ms. The settings might not be optimal. (flushed=0 and evicted=0, during the time.)
2021-03-14T10:32:38.378015Z 0 [Note] InnoDB: page_cleaner: 1000ms intended loop took 17612ms. The settings might not be optimal. (flushed=0 and evicted=0, during the time.)
2021-03-14T10:50:34.291670Z 0 [Note] InnoDB: page_cleaner: 1000ms intended loop took 17416ms. The settings might not be optimal. (flushed=0 and evicted=0, during the time.)
2021-03-14T10:51:49.255188Z 0 [Note] InnoDB: page_cleaner: 1000ms intended loop took 17748ms. The settings might not be optimal. (flushed=0 and evicted=0, during the time.)
2021-03-14T11:01:45.870103Z 0 [Note] InnoDB: page_cleaner: 1000ms intended loop took 17736ms. The settings might not be optimal. (flushed=0 and evicted=0, during the time.)
2021-03-14T11:03:01.580046Z 0 [Note] InnoDB: page_cleaner: 1000ms intended loop took 18187ms. The settings might not be optimal. (flushed=0 and evicted=0, during the time.)
2021-03-14T11:13:17.160253Z 0 [Note] InnoDB: page_cleaner: 1000ms intended loop took 18008ms. The settings might not be optimal. (flushed=0 and evicted=0, during the time.)
2021-03-14T11:14:33.374413Z 0 [Note] InnoDB: page_cleaner: 1000ms intended loop took 17977ms. The settings might not be optimal. (flushed=0 and evicted=0, during the time.)
2021-03-14T11:45:24.488301Z 0 [Note] InnoDB: page_cleaner: 1000ms intended loop took 17860ms. The settings might not be optimal. (flushed=0 and evicted=0, during the time.)
2021-03-14T12:02:23.719328Z 0 [Note] InnoDB: page_cleaner: 1000ms intended loop took 17229ms. The settings might not be optimal. (flushed=0 and evicted=0, during the time.)
